c:\users\stasmalikov\desktop\c++ лабы\labs_cplusplus\task2\task2\debug\task2.pch
c:\users\stasmalikov\desktop\c++ лабы\labs_cplusplus\task2\task2\debug\vc141.pdb
c:\users\stasmalikov\desktop\c++ лабы\labs_cplusplus\task2\task2\debug\vc141.idb
c:\users\stasmalikov\desktop\c++ лабы\labs_cplusplus\task2\task2\debug\pch.obj
c:\users\stasmalikov\desktop\c++ лабы\labs_cplusplus\task2\task2\debug\product.obj
c:\users\stasmalikov\desktop\c++ лабы\labs_cplusplus\task2\task2\debug\ioservice.obj
c:\users\stasmalikov\desktop\c++ лабы\labs_cplusplus\task2\task2\debug\user.obj
c:\users\stasmalikov\desktop\c++ лабы\labs_cplusplus\task2\task2\debug\tradeorganization.obj
c:\users\stasmalikov\desktop\c++ лабы\labs_cplusplus\task2\task2\debug\task2.obj
c:\users\stasmalikov\desktop\c++ лабы\labs_cplusplus\task2\task2\debug\supplier.obj
c:\users\stasmalikov\desktop\c++ лабы\labs_cplusplus\task2\task2\debug\productunit.obj
c:\users\stasmalikov\desktop\c++ лабы\labs_cplusplus\task2\task2\debug\iseller.obj
c:\users\stasmalikov\desktop\c++ лабы\labs_cplusplus\task2\task2\debug\deliveryservice.obj
c:\users\stasmalikov\desktop\c++ лабы\labs_cplusplus\task2\task2\debug\basket.obj
c:\users\stasmalikov\desktop\c++ лабы\labs_cplusplus\task2\task2\debug\idgenerator.obj
c:\users\stasmalikov\desktop\c++ лабы\labs_cplusplus\task2\debug\task2.exe
c:\users\stasmalikov\desktop\c++ лабы\labs_cplusplus\task2\debug\task2.ilk
c:\users\stasmalikov\desktop\c++ лабы\labs_cplusplus\task2\debug\task2.pdb
c:\users\stasmalikov\desktop\c++ лабы\labs_cplusplus\task2\task2\debug\test.obj
c:\users\stasmalikov\desktop\c++ лабы\labs_cplusplus\task2\task2\debug\task2.tlog\cl.command.1.tlog
c:\users\stasmalikov\desktop\c++ лабы\labs_cplusplus\task2\task2\debug\task2.tlog\cl.read.1.tlog
c:\users\stasmalikov\desktop\c++ лабы\labs_cplusplus\task2\task2\debug\task2.tlog\cl.write.1.tlog
c:\users\stasmalikov\desktop\c++ лабы\labs_cplusplus\task2\task2\debug\task2.tlog\link.command.1.tlog
c:\users\stasmalikov\desktop\c++ лабы\labs_cplusplus\task2\task2\debug\task2.tlog\link.read.1.tlog
c:\users\stasmalikov\desktop\c++ лабы\labs_cplusplus\task2\task2\debug\task2.tlog\link.write.1.tlog
